Build started 2015-05-12 오후 6:47:56.
     1>Project "D:\SkeletalViewer\SkeletalViewer.vcxproj" on node 2 (build target(s)).
     1>InitializeBuildStatus:
         Touching "Debug\GR_module.unsuccessfulbuild".
       ClCompile:
         All outputs are up-to-date.
         C:\Program Files (x86)\Microsoft Visual Studio 10.0\VC\bin\CL.exe /c /ZI /nologo /W3 /WX- /Od /Oy- /D WIN32 /D _DEBUG /D _WINDOWS /D _UNICODE /D UNICODE /Gm /EHsc /RTC1 /MTd /GS /fp:precise /Zc:wchar_t /Zc:forScope /Yu"StdAfx.h" /Fp"Debug\GR_module.pch" /Fo"Debug\\" /Fd"Debug\vc100.pdb" /Gd /TP /analyze- /errorReport:prompt NuiImpl.cpp
         NuiImpl.cpp
     1>d:\skeletalviewer\nuiimpl.cpp(17): warning C4129: 'g' : unrecognized character escape sequence
       ResourceCompile:
         All outputs are up-to-date.
       ManifestResourceCompile:
         All outputs are up-to-date.
       Link:
         C:\Program Files (x86)\Microsoft Visual Studio 10.0\VC\bin\link.exe /ERRORREPORT:PROMPT /OUT:"D:\SkeletalViewer\Debug\GR_module.exe" /INCREMENTAL /NOLOGO kernel32.lib user32.lib winspool.lib comdlg32.lib advapi32.lib shell32.lib ole32.lib oleaut32.lib uuid.lib odbc32.lib odbccp32.lib Kinect10.lib kernel32.lib user32.lib gdi32.lib winspool.lib comdlg32.lib advapi32.lib shell32.lib ole32.lib oleaut32.lib uuid.lib odbc32.lib odbccp32.lib /MANIFEST /ManifestFile:"Debug\GR_module.exe.intermediate.manifest" /MANIFESTUAC:"level='asInvoker' uiAccess='false'" /DEBUG /PDB:"D:\SkeletalViewer\Debug\GR_module.pdb" /SUBSYSTEM:WINDOWS /STACK:"10000000","10000000" /TLBID:1 /DYNAMICBASE /NXCOMPAT /IMPLIB:"D:\SkeletalViewer\Debug\GR_module.lib" /MACHINE:X86 Debug\SkeletalViewer.res
         Debug\GR_module.exe.embed.manifest.res
         Debug\DrawDevice.obj
         Debug\GRmodule.obj
         Debug\NuiImpl.obj
         Debug\SkeletalViewer.obj
         Debug\stdafx.obj
       Manifest:
         C:\Program Files (x86)\Microsoft SDKs\Windows\v7.0A\bin\mt.exe /nologo /verbose /out:"Debug\GR_module.exe.embed.manifest" /manifest Debug\GR_module.exe.intermediate.manifest
         All outputs are up-to-date.
       LinkEmbedManifest:
         All outputs are up-to-date.
         SkeletalViewer.vcxproj -> D:\SkeletalViewer\Debug\GR_module.exe
       FinalizeBuildStatus:
         Deleting file "Debug\GR_module.unsuccessfulbuild".
         Touching "Debug\GR_module.lastbuildstate".
     1>Done Building Project "D:\SkeletalViewer\SkeletalViewer.vcxproj" (build target(s)).

Build succeeded.

Time Elapsed 00:00:00.80
